Created by PLY version 3.11 (http://www.dabeaz.com/ply)

Unused terminals:

    AND
    COMA
    COMMENT
    CONJ
    COUNT
    DDOT
    DEFN
    FALSE
    FOR
    GET
    LBRACE
    LCOR
    NOT
    NTH
    NUMERAL
    OR
    POP
    PRINTF
    QUOTE
    RBRACE
    RCOR
    READ
    READLINE
    STR
    THEN
    TRUE
    WHILE

Grammar

Rule 0     S' -> general
Rule 1     general -> LPAREN expression RPAREN
Rule 2     general -> LPAREN comparacion RPAREN
Rule 3     general -> LPAREN sentenciaif RPAREN
Rule 4     general -> LPAREN asignacion RPAREN
Rule 5     general -> LPAREN imprimir RPAREN
Rule 6     general -> sentenciado
Rule 7     expression -> operadoresMat factor factor
Rule 8     comparacion -> operadoresComp factor factor
Rule 9     operadoresMat -> PLUS
Rule 10    operadoresMat -> MINUS
Rule 11    operadoresMat -> TIMES
Rule 12    operadoresMat -> DIVIDE
Rule 13    operadoresMat -> MOD
Rule 14    operadoresComp -> MAYORQUE
Rule 15    operadoresComp -> MENORQUE
Rule 16    operadoresComp -> IGUAL
Rule 17    operadoresPrint -> PRINT
Rule 18    operadoresPrint -> PRINTLN
Rule 19    factor -> NUMBER
Rule 20    factor -> ID
Rule 21    factor -> LPAREN expression RPAREN
Rule 22    asignacion -> DEF ID factor
Rule 23    asignacion -> DEF ID STRING
Rule 24    imprimir -> operadoresPrint factor
Rule 25    imprimir -> operadoresPrint STRING
Rule 26    sentenciado -> LPAREN DO general RPAREN
Rule 27    sentenciaif -> IF LPAREN comparacion RPAREN general
Rule 28    sentenciaif -> IF LPAREN comparacion RPAREN sentenciado sentenciado

Terminals, with rules where they appear

AND                  : 
COMA                 : 
COMMENT              : 
CONJ                 : 
COUNT                : 
DDOT                 : 
DEF                  : 22 23
DEFN                 : 
DIVIDE               : 12
DO                   : 26
FALSE                : 
FOR                  : 
GET                  : 
ID                   : 20 22 23
IF                   : 27 28
IGUAL                : 16
LBRACE               : 
LCOR                 : 
LPAREN               : 1 2 3 4 5 21 26 27 28
MAYORQUE             : 14
MENORQUE             : 15
MINUS                : 10
MOD                  : 13
NOT                  : 
NTH                  : 
NUMBER               : 19
NUMERAL              : 
OR                   : 
PLUS                 : 9
POP                  : 
PRINT                : 17
PRINTF               : 
PRINTLN              : 18
QUOTE                : 
RBRACE               : 
RCOR                 : 
READ                 : 
READLINE             : 
RPAREN               : 1 2 3 4 5 21 26 27 28
STR                  : 
STRING               : 23 25
THEN                 : 
TIMES                : 11
TRUE                 : 
WHILE                : 
error                : 

Nonterminals, with rules where they appear

asignacion           : 4
comparacion          : 2 27 28
expression           : 1 21
factor               : 7 7 8 8 22 24
general              : 26 27 0
imprimir             : 5
operadoresComp       : 8
operadoresMat        : 7
operadoresPrint      : 24 25
sentenciado          : 6 28 28
sentenciaif          : 3

Parsing method: LALR

state 0

    (0) S' -> . general
    (1) general -> . LPAREN expression RPAREN
    (2) general -> . LPAREN comparacion RPAREN
    (3) general -> . LPAREN sentenciaif RPAREN
    (4) general -> . LPAREN asignacion RPAREN
    (5) general -> . LPAREN imprimir RPAREN
    (6) general -> . sentenciado
    (26) sentenciado -> . LPAREN DO general RPAREN

    LPAREN          shift and go to state 2

    general                        shift and go to state 1
    sentenciado                    shift and go to state 3

state 1

    (0) S' -> general .



state 2

    (1) general -> LPAREN . expression RPAREN
    (2) general -> LPAREN . comparacion RPAREN
    (3) general -> LPAREN . sentenciaif RPAREN
    (4) general -> LPAREN . asignacion RPAREN
    (5) general -> LPAREN . imprimir RPAREN
    (26) sentenciado -> LPAREN . DO general RPAREN
    (7) expression -> . operadoresMat factor factor
    (8) comparacion -> . operadoresComp factor factor
    (27) sentenciaif -> . IF LPAREN comparacion RPAREN general
    (28) sentenciaif -> . IF LPAREN comparacion RPAREN sentenciado sentenciado
    (22) asignacion -> . DEF ID factor
    (23) asignacion -> . DEF ID STRING
    (24) imprimir -> . operadoresPrint factor
    (25) imprimir -> . operadoresPrint STRING
    (9) operadoresMat -> . PLUS
    (10) operadoresMat -> . MINUS
    (11) operadoresMat -> . TIMES
    (12) operadoresMat -> . DIVIDE
    (13) operadoresMat -> . MOD
    (14) operadoresComp -> . MAYORQUE
    (15) operadoresComp -> . MENORQUE
    (16) operadoresComp -> . IGUAL
    (17) operadoresPrint -> . PRINT
    (18) operadoresPrint -> . PRINTLN

    DO              shift and go to state 9
    IF              shift and go to state 12
    DEF             shift and go to state 13
    PLUS            shift and go to state 15
    MINUS           shift and go to state 16
    TIMES           shift and go to state 17
    DIVIDE          shift and go to state 18
    MOD             shift and go to state 19
    MAYORQUE        shift and go to state 20
    MENORQUE        shift and go to state 21
    IGUAL           shift and go to state 22
    PRINT           shift and go to state 23
    PRINTLN         shift and go to state 24

    expression                     shift and go to state 4
    comparacion                    shift and go to state 5
    sentenciaif                    shift and go to state 6
    asignacion                     shift and go to state 7
    imprimir                       shift and go to state 8
    operadoresMat                  shift and go to state 10
    operadoresComp                 shift and go to state 11
    operadoresPrint                shift and go to state 14

state 3

    (6) general -> sentenciado .

    $end            reduce using rule 6 (general -> sentenciado .)
    RPAREN          reduce using rule 6 (general -> sentenciado .)


state 4

    (1) general -> LPAREN expression . RPAREN

    RPAREN          shift and go to state 25


state 5

    (2) general -> LPAREN comparacion . RPAREN

    RPAREN          shift and go to state 26


state 6

    (3) general -> LPAREN sentenciaif . RPAREN

    RPAREN          shift and go to state 27


state 7

    (4) general -> LPAREN asignacion . RPAREN

    RPAREN          shift and go to state 28


state 8

    (5) general -> LPAREN imprimir . RPAREN

    RPAREN          shift and go to state 29


state 9

    (26) sentenciado -> LPAREN DO . general RPAREN
    (1) general -> . LPAREN expression RPAREN
    (2) general -> . LPAREN comparacion RPAREN
    (3) general -> . LPAREN sentenciaif RPAREN
    (4) general -> . LPAREN asignacion RPAREN
    (5) general -> . LPAREN imprimir RPAREN
    (6) general -> . sentenciado
    (26) sentenciado -> . LPAREN DO general RPAREN

    LPAREN          shift and go to state 2

    general                        shift and go to state 30
    sentenciado                    shift and go to state 3

state 10

    (7) expression -> operadoresMat . factor factor
    (19) factor -> . NUMBER
    (20) factor -> . ID
    (21) factor -> . LPAREN expression RPAREN

    NUMBER          shift and go to state 32
    ID              shift and go to state 33
    LPAREN          shift and go to state 34

    factor                         shift and go to state 31

state 11

    (8) comparacion -> operadoresComp . factor factor
    (19) factor -> . NUMBER
    (20) factor -> . ID
    (21) factor -> . LPAREN expression RPAREN

    NUMBER          shift and go to state 32
    ID              shift and go to state 33
    LPAREN          shift and go to state 34

    factor                         shift and go to state 35

state 12

    (27) sentenciaif -> IF . LPAREN comparacion RPAREN general
    (28) sentenciaif -> IF . LPAREN comparacion RPAREN sentenciado sentenciado

    LPAREN          shift and go to state 36


state 13

    (22) asignacion -> DEF . ID factor
    (23) asignacion -> DEF . ID STRING

    ID              shift and go to state 37


state 14

    (24) imprimir -> operadoresPrint . factor
    (25) imprimir -> operadoresPrint . STRING
    (19) factor -> . NUMBER
    (20) factor -> . ID
    (21) factor -> . LPAREN expression RPAREN

    STRING          shift and go to state 39
    NUMBER          shift and go to state 32
    ID              shift and go to state 33
    LPAREN          shift and go to state 34

    factor                         shift and go to state 38

state 15

    (9) operadoresMat -> PLUS .

    NUMBER          reduce using rule 9 (operadoresMat -> PLUS .)
    ID              reduce using rule 9 (operadoresMat -> PLUS .)
    LPAREN          reduce using rule 9 (operadoresMat -> PLUS .)


state 16

    (10) operadoresMat -> MINUS .

    NUMBER          reduce using rule 10 (operadoresMat -> MINUS .)
    ID              reduce using rule 10 (operadoresMat -> MINUS .)
    LPAREN          reduce using rule 10 (operadoresMat -> MINUS .)


state 17

    (11) operadoresMat -> TIMES .

    NUMBER          reduce using rule 11 (operadoresMat -> TIMES .)
    ID              reduce using rule 11 (operadoresMat -> TIMES .)
    LPAREN          reduce using rule 11 (operadoresMat -> TIMES .)


state 18

    (12) operadoresMat -> DIVIDE .

    NUMBER          reduce using rule 12 (operadoresMat -> DIVIDE .)
    ID              reduce using rule 12 (operadoresMat -> DIVIDE .)
    LPAREN          reduce using rule 12 (operadoresMat -> DIVIDE .)


state 19

    (13) operadoresMat -> MOD .

    NUMBER          reduce using rule 13 (operadoresMat -> MOD .)
    ID              reduce using rule 13 (operadoresMat -> MOD .)
    LPAREN          reduce using rule 13 (operadoresMat -> MOD .)


state 20

    (14) operadoresComp -> MAYORQUE .

    NUMBER          reduce using rule 14 (operadoresComp -> MAYORQUE .)
    ID              reduce using rule 14 (operadoresComp -> MAYORQUE .)
    LPAREN          reduce using rule 14 (operadoresComp -> MAYORQUE .)


state 21

    (15) operadoresComp -> MENORQUE .

    NUMBER          reduce using rule 15 (operadoresComp -> MENORQUE .)
    ID              reduce using rule 15 (operadoresComp -> MENORQUE .)
    LPAREN          reduce using rule 15 (operadoresComp -> MENORQUE .)


state 22

    (16) operadoresComp -> IGUAL .

    NUMBER          reduce using rule 16 (operadoresComp -> IGUAL .)
    ID              reduce using rule 16 (operadoresComp -> IGUAL .)
    LPAREN          reduce using rule 16 (operadoresComp -> IGUAL .)


state 23

    (17) operadoresPrint -> PRINT .

    STRING          reduce using rule 17 (operadoresPrint -> PRINT .)
    NUMBER          reduce using rule 17 (operadoresPrint -> PRINT .)
    ID              reduce using rule 17 (operadoresPrint -> PRINT .)
    LPAREN          reduce using rule 17 (operadoresPrint -> PRINT .)


state 24

    (18) operadoresPrint -> PRINTLN .

    STRING          reduce using rule 18 (operadoresPrint -> PRINTLN .)
    NUMBER          reduce using rule 18 (operadoresPrint -> PRINTLN .)
    ID              reduce using rule 18 (operadoresPrint -> PRINTLN .)
    LPAREN          reduce using rule 18 (operadoresPrint -> PRINTLN .)


state 25

    (1) general -> LPAREN expression RPAREN .

    $end            reduce using rule 1 (general -> LPAREN expression RPAREN .)
    RPAREN          reduce using rule 1 (general -> LPAREN expression RPAREN .)


state 26

    (2) general -> LPAREN comparacion RPAREN .

    $end            reduce using rule 2 (general -> LPAREN comparacion RPAREN .)
    RPAREN          reduce using rule 2 (general -> LPAREN comparacion RPAREN .)


state 27

    (3) general -> LPAREN sentenciaif RPAREN .

    $end            reduce using rule 3 (general -> LPAREN sentenciaif RPAREN .)
    RPAREN          reduce using rule 3 (general -> LPAREN sentenciaif RPAREN .)


state 28

    (4) general -> LPAREN asignacion RPAREN .

    $end            reduce using rule 4 (general -> LPAREN asignacion RPAREN .)
    RPAREN          reduce using rule 4 (general -> LPAREN asignacion RPAREN .)


state 29

    (5) general -> LPAREN imprimir RPAREN .

    $end            reduce using rule 5 (general -> LPAREN imprimir RPAREN .)
    RPAREN          reduce using rule 5 (general -> LPAREN imprimir RPAREN .)


state 30

    (26) sentenciado -> LPAREN DO general . RPAREN

    RPAREN          shift and go to state 40


state 31

    (7) expression -> operadoresMat factor . factor
    (19) factor -> . NUMBER
    (20) factor -> . ID
    (21) factor -> . LPAREN expression RPAREN

    NUMBER          shift and go to state 32
    ID              shift and go to state 33
    LPAREN          shift and go to state 34

    factor                         shift and go to state 41

state 32

    (19) factor -> NUMBER .

    NUMBER          reduce using rule 19 (factor -> NUMBER .)
    ID              reduce using rule 19 (factor -> NUMBER .)
    LPAREN          reduce using rule 19 (factor -> NUMBER .)
    RPAREN          reduce using rule 19 (factor -> NUMBER .)


state 33

    (20) factor -> ID .

    NUMBER          reduce using rule 20 (factor -> ID .)
    ID              reduce using rule 20 (factor -> ID .)
    LPAREN          reduce using rule 20 (factor -> ID .)
    RPAREN          reduce using rule 20 (factor -> ID .)


state 34

    (21) factor -> LPAREN . expression RPAREN
    (7) expression -> . operadoresMat factor factor
    (9) operadoresMat -> . PLUS
    (10) operadoresMat -> . MINUS
    (11) operadoresMat -> . TIMES
    (12) operadoresMat -> . DIVIDE
    (13) operadoresMat -> . MOD

    PLUS            shift and go to state 15
    MINUS           shift and go to state 16
    TIMES           shift and go to state 17
    DIVIDE          shift and go to state 18
    MOD             shift and go to state 19

    expression                     shift and go to state 42
    operadoresMat                  shift and go to state 10

state 35

    (8) comparacion -> operadoresComp factor . factor
    (19) factor -> . NUMBER
    (20) factor -> . ID
    (21) factor -> . LPAREN expression RPAREN

    NUMBER          shift and go to state 32
    ID              shift and go to state 33
    LPAREN          shift and go to state 34

    factor                         shift and go to state 43

state 36

    (27) sentenciaif -> IF LPAREN . comparacion RPAREN general
    (28) sentenciaif -> IF LPAREN . comparacion RPAREN sentenciado sentenciado
    (8) comparacion -> . operadoresComp factor factor
    (14) operadoresComp -> . MAYORQUE
    (15) operadoresComp -> . MENORQUE
    (16) operadoresComp -> . IGUAL

    MAYORQUE        shift and go to state 20
    MENORQUE        shift and go to state 21
    IGUAL           shift and go to state 22

    comparacion                    shift and go to state 44
    operadoresComp                 shift and go to state 11

state 37

    (22) asignacion -> DEF ID . factor
    (23) asignacion -> DEF ID . STRING
    (19) factor -> . NUMBER
    (20) factor -> . ID
    (21) factor -> . LPAREN expression RPAREN

    STRING          shift and go to state 46
    NUMBER          shift and go to state 32
    ID              shift and go to state 33
    LPAREN          shift and go to state 34

    factor                         shift and go to state 45

state 38

    (24) imprimir -> operadoresPrint factor .

    RPAREN          reduce using rule 24 (imprimir -> operadoresPrint factor .)


state 39

    (25) imprimir -> operadoresPrint STRING .

    RPAREN          reduce using rule 25 (imprimir -> operadoresPrint STRING .)


state 40

    (26) sentenciado -> LPAREN DO general RPAREN .

    $end            reduce using rule 26 (sentenciado -> LPAREN DO general RPAREN .)
    RPAREN          reduce using rule 26 (sentenciado -> LPAREN DO general RPAREN .)
    LPAREN          reduce using rule 26 (sentenciado -> LPAREN DO general RPAREN .)


state 41

    (7) expression -> operadoresMat factor factor .

    RPAREN          reduce using rule 7 (expression -> operadoresMat factor factor .)


state 42

    (21) factor -> LPAREN expression . RPAREN

    RPAREN          shift and go to state 47


state 43

    (8) comparacion -> operadoresComp factor factor .

    RPAREN          reduce using rule 8 (comparacion -> operadoresComp factor factor .)


state 44

    (27) sentenciaif -> IF LPAREN comparacion . RPAREN general
    (28) sentenciaif -> IF LPAREN comparacion . RPAREN sentenciado sentenciado

    RPAREN          shift and go to state 48


state 45

    (22) asignacion -> DEF ID factor .

    RPAREN          reduce using rule 22 (asignacion -> DEF ID factor .)


state 46

    (23) asignacion -> DEF ID STRING .

    RPAREN          reduce using rule 23 (asignacion -> DEF ID STRING .)


state 47

    (21) factor -> LPAREN expression RPAREN .

    NUMBER          reduce using rule 21 (factor -> LPAREN expression RPAREN .)
    ID              reduce using rule 21 (factor -> LPAREN expression RPAREN .)
    LPAREN          reduce using rule 21 (factor -> LPAREN expression RPAREN .)
    RPAREN          reduce using rule 21 (factor -> LPAREN expression RPAREN .)


state 48

    (27) sentenciaif -> IF LPAREN comparacion RPAREN . general
    (28) sentenciaif -> IF LPAREN comparacion RPAREN . sentenciado sentenciado
    (1) general -> . LPAREN expression RPAREN
    (2) general -> . LPAREN comparacion RPAREN
    (3) general -> . LPAREN sentenciaif RPAREN
    (4) general -> . LPAREN asignacion RPAREN
    (5) general -> . LPAREN imprimir RPAREN
    (6) general -> . sentenciado
    (26) sentenciado -> . LPAREN DO general RPAREN

    LPAREN          shift and go to state 2

    general                        shift and go to state 49
    sentenciado                    shift and go to state 50

state 49

    (27) sentenciaif -> IF LPAREN comparacion RPAREN general .

    RPAREN          reduce using rule 27 (sentenciaif -> IF LPAREN comparacion RPAREN general .)


state 50

    (28) sentenciaif -> IF LPAREN comparacion RPAREN sentenciado . sentenciado
    (6) general -> sentenciado .
    (26) sentenciado -> . LPAREN DO general RPAREN

    RPAREN          reduce using rule 6 (general -> sentenciado .)
    LPAREN          shift and go to state 51

    sentenciado                    shift and go to state 52

state 51

    (26) sentenciado -> LPAREN . DO general RPAREN

    DO              shift and go to state 9


state 52

    (28) sentenciaif -> IF LPAREN comparacion RPAREN sentenciado sentenciado .

    RPAREN          reduce using rule 28 (sentenciaif -> IF LPAREN comparacion RPAREN sentenciado sentenciado .)

